{"timestamp": "2025-10-15T21:34:09.246664Z", "evento": "key_generated", "params": {"action": "generate_key"}}
{"timestamp": "2025-10-15T21:34:28.626137Z", "evento": "generated", "params": {"len": 12, "types": {"may": true, "min": true, "dig": true, "sim": true}}}
{"timestamp": "2025-10-15T21:34:38.680631Z", "evento": "screen_cleared_after_show", "params": {}}
{"timestamp": "2025-10-15T21:34:38.681306Z", "evento": "evaluacion", "params": {"score": 90, "issues": {"repeticiones_largas": false, "secuencias": true}}}
{"timestamp": "2025-10-15T21:34:39.148803Z", "evento": "hibp_checked", "params": {"result": "not_found"}}
{"timestamp": "2025-10-15T21:34:46.421712Z", "evento": "saved_encrypted", "params": {"alias": "LM"}}
{"timestamp": "2025-10-15T21:35:43.642527Z", "evento": "exit", "params": {}}
{"timestamp": "2025-10-15T21:37:19.021638Z", "evento": "variants_generated", "params": {"count": 5}}
{"timestamp": "2025-10-15T21:38:12.864182Z", "evento": "generated", "params": {"len": 21, "types": {"may": true, "min": false, "dig": true, "sim": true}}}
{"timestamp": "2025-10-15T21:38:22.922732Z", "evento": "screen_cleared_after_show", "params": {}}
{"timestamp": "2025-10-15T21:38:22.923183Z", "evento": "evaluacion", "params": {"score": 85, "issues": {"repeticiones_largas": false, "secuencias": false}}}
{"timestamp": "2025-10-15T21:38:23.433887Z", "evento": "hibp_checked", "params": {"result": "not_found"}}
{"timestamp": "2025-10-15T21:38:28.653089Z", "evento": "saved_encrypted", "params": {"alias": "LM2"}}
{"timestamp": "2025-10-15T21:38:52.002736Z", "evento": "exit", "params": {}}
{"timestamp": "2025-10-15T21:41:54.583381Z", "evento": "generated", "params": {"len": 12, "types": {"may": true, "min": true, "dig": true, "sim": true}}}
{"timestamp": "2025-10-15T21:42:04.660204Z", "evento": "screen_cleared_after_show", "params": {}}
{"timestamp": "2025-10-15T21:42:04.661646Z", "evento": "evaluacion", "params": {"score": 100, "issues": {"repeticiones_largas": false, "secuencias": false}}}
{"timestamp": "2025-10-15T21:42:05.014238Z", "evento": "hibp_checked", "params": {"result": "not_found"}}
{"timestamp": "2025-10-15T21:42:17.163373Z", "evento": "exit", "params": {}}
{"timestamp": "2025-10-15T21:43:46.812655Z", "evento": "generated", "params": {"len": 123, "types": {"may": true, "min": true, "dig": false, "sim": false}}}
{"timestamp": "2025-10-15T21:43:56.869605Z", "evento": "screen_cleared_after_show", "params": {}}
{"timestamp": "2025-10-15T21:43:56.871793Z", "evento": "evaluacion", "params": {"score": 40, "issues": {"repeticiones_largas": false, "secuencias": true}}}
{"timestamp": "2025-10-15T21:43:57.215640Z", "evento": "hibp_checked", "params": {"result": "not_found"}}
{"timestamp": "2025-10-15T21:44:12.330196Z", "evento": "saved_encrypted", "params": {"alias": "LM3"}}
{"timestamp": "2025-10-15T21:44:14.335175Z", "evento": "exit", "params": {}}
{"timestamp": "2025-10-15T21:46:48.110816Z", "evento": "exit", "params": {}}
{"timestamp": "2025-10-15T21:46:58.657473Z", "evento": "exit", "params": {}}
{"timestamp": "2025-10-15T21:47:51.671801Z", "evento": "generated", "params": {"len": 45, "types": {"may": true, "min": false, "dig": false, "sim": false}}}
{"timestamp": "2025-10-15T21:48:01.735527Z", "evento": "screen_cleared_after_show", "params": {}}
{"timestamp": "2025-10-15T21:48:01.736454Z", "evento": "evaluacion", "params": {"score": 35, "issues": {"repeticiones_largas": false, "secuencias": false}}}
{"timestamp": "2025-10-15T21:48:02.079685Z", "evento": "hibp_checked", "params": {"result": "not_found"}}
{"timestamp": "2025-10-15T21:48:04.066294Z", "evento": "saved_encrypted", "params": {"alias": "s"}}
{"timestamp": "2025-10-15T21:48:10.023622Z", "evento": "exit", "params": {}}
{"timestamp": "2025-10-17T16:27:02.814662Z", "evento": "exit", "params": {}}
{"timestamp": "2025-10-17T16:34:52.485778Z", "evento": "exit", "params": {}}
{"timestamp": "2025-10-17T16:37:21.211838Z", "evento": "exit", "params": {}}
{"timestamp": "2025-10-17T16:47:15.327322Z", "evento": "exit", "params": {}}
{"timestamp": "2025-10-19T00:17:37.312122Z", "evento": "generated", "params": {"len": 13, "types": {"may": true, "min": true, "dig": true, "sim": true}}}
{"timestamp": "2025-10-19T00:17:47.366246Z", "evento": "screen_cleared_after_show", "params": {}}
{"timestamp": "2025-10-19T00:17:47.366937Z", "evento": "evaluacion", "params": {"score": 100, "issues": {"repeticiones_largas": false, "secuencias": false}}}
{"timestamp": "2025-10-19T00:17:47.716719Z", "evento": "hibp_checked", "params": {"result": "not_found"}}
{"timestamp": "2025-10-19T00:18:05.123342Z", "evento": "saved_encrypted", "params": {"alias": "3"}}
{"timestamp": "2025-10-19T00:18:23.130980Z", "evento": "variants_generated", "params": {"count": 5}}
{"timestamp": "2025-10-19T00:18:35.834370Z", "evento": "view_store", "params": {"count": 5}}
{"timestamp": "2025-10-19T00:18:45.429827Z", "evento": "deleted_alias", "params": {"alias": "3"}}
{"timestamp": "2025-10-19T00:18:49.865320Z", "evento": "view_store", "params": {"count": 4}}
{"timestamp": "2025-10-19T00:18:59.432698Z", "evento": "exit", "params": {}}
{"timestamp": "2025-10-19T02:50:10.504322Z", "evento": "generated", "params": {"len": 8, "types": {"may": true, "min": true, "dig": true, "sim": true}}}
{"timestamp": "2025-10-19T02:50:20.557023Z", "evento": "screen_cleared_after_show", "params": {}}
{"timestamp": "2025-10-19T02:50:20.557678Z", "evento": "evaluacion", "params": {"score": 77, "issues": {"repeticiones_largas": false, "secuencias": false}}}
{"timestamp": "2025-10-19T02:50:20.931233Z", "evento": "hibp_checked", "params": {"result": "not_found"}}
{"timestamp": "2025-10-19T02:50:36.368825Z", "evento": "exit", "params": {}}
{"timestamp": "2025-10-19T03:20:05.180599Z", "evento": "generated", "params": {"len": 13, "types": {"may": true, "min": false, "dig": false, "sim": false}}}
{"timestamp": "2025-10-19T03:20:15.237596Z", "evento": "screen_cleared_after_show", "params": {}}
{"timestamp": "2025-10-19T03:20:15.239272Z", "evento": "evaluacion", "params": {"score": 35, "issues": {"repeticiones_largas": false, "secuencias": false}}}
{"timestamp": "2025-10-19T03:20:15.593248Z", "evento": "hibp_checked", "params": {"result": "not_found"}}
{"timestamp": "2025-10-19T03:20:21.733020Z", "evento": "saved_encrypted", "params": {"alias": "3"}}
{"timestamp": "2025-10-19T03:20:48.749913Z", "evento": "variants_generated", "params": {"count": 2}}
{"timestamp": "2025-10-19T03:20:56.755025Z", "evento": "renewals_none", "params": {}}
{"timestamp": "2025-10-19T03:21:02.205607Z", "evento": "exit", "params": {}}
